<?xml version="1.0" encoding="UTF-8"?>
<!-- Generated by org.testng.reporters.JUnitXMLReporter -->
<testsuite ignored="0" hostname="Monu" failures="0" tests="4" name="Regression Tests - Chrome" time="18.66" errors="0" timestamp="2026-04-29T22:19:18 CDT">
  <testcase classname="com.automationframework.tests.LoginTest" name="testLoginWithEmptyCredentials" time="4.836"/>
  <testcase classname="com.automationframework.tests.LoginTest" name="testLoginWithInvalidPassword" time="7.059"/>
  <testcase classname="com.automationframework.tests.LoginTest" name="testLoginWithInvalidUsername" time="6.17"/>
  <testcase classname="com.automationframework.tests.LoginTest" name="testSuccessfulLogin" time="2.018"/>
</testsuite> <!-- Regression Tests - Chrome -->
