<?xml version="1.0" encoding="UTF-8"?>
<!-- Generated by org.testng.reporters.JUnitXMLReporter -->
<testsuite ignored="3" hostname="Monu" failures="0" tests="1" name="Smoke Tests - Chrome" time="7.991" errors="0" timestamp="2026-04-29T22:18:59 CDT">
  <testcase classname="com.automationframework.tests.LoginTest" name="testSuccessfulLogin" time="2.211"/>
  <testcase classname="com.automationframework.tests.LoginTest" name="testLoginWithEmptyCredentials" time="0.0">
    <ignored/>
  </testcase> <!-- testLoginWithEmptyCredentials -->
  <testcase classname="com.automationframework.tests.LoginTest" name="testLoginWithInvalidUsername" time="0.0">
    <ignored/>
  </testcase> <!-- testLoginWithInvalidUsername -->
  <testcase classname="com.automationframework.tests.LoginTest" name="testLoginWithInvalidPassword" time="0.0">
    <ignored/>
  </testcase> <!-- testLoginWithInvalidPassword -->
</testsuite> <!-- Smoke Tests - Chrome -->
