<?xml version="1.0" encoding="UTF-8"?>
<!-- Generated by org.testng.reporters.JUnitReportReporter -->
<testsuite hostname="Monu" failures="0" tests="5" name="com.automationframework.tests.LoginTest" time="52.287" errors="0" timestamp="2026-04-29T22:19:18 CDT" skipped="0">
  <testcase classname="com.automationframework.tests.LoginTest" name="testLoginWithInvalidUsername" time="13.731"/>
  <testcase classname="com.automationframework.tests.LoginTest" name="testSuccessfulLogin" time="8.309"/>
  <testcase classname="com.automationframework.tests.LoginTest" name="testSuccessfulLogin" time="7.337"/>
  <testcase classname="com.automationframework.tests.LoginTest" name="testLoginWithInvalidPassword" time="13.414"/>
  <testcase classname="com.automationframework.tests.LoginTest" name="testLoginWithEmptyCredentials" time="9.496"/>
</testsuite> <!-- com.automationframework.tests.LoginTest -->
